
Due to MODULEPATH changes, the following have been reloaded:
  1) mii/1.1.2

The following have been reloaded with a version change:
  1) StdEnv/2023 => StdEnv/2020           5) libfabric/1.18.0 => libfabric/1.10.1
  2) gcccore/.12.3 => gcccore/.9.3.0      6) openmpi/4.1.5 => openmpi/4.0.3
  3) gentoo/2023 => gentoo/2020           7) ucx/1.14.1 => ucx/1.8.0
  4) imkl/2023.2.0 => imkl/2020.1.217


Lmod is automatically replacing "intel/2020.1.217" with "gcc/9.3.0".


Due to MODULEPATH changes, the following have been reloaded:
  1) libfabric/1.10.1     2) openmpi/4.0.3     3) ucx/1.8.0

ERROR: pip's dependency resolver does not currently take into account all the packages that are installed. This behaviour is the source of the following dependency conflicts.
tensorflow 2.9.0+computecanada requires flatbuffers<2,>=1.12, but you have flatbuffers 2.0+computecanada which is incompatible.
tensorflow 2.9.0+computecanada requires gast<=0.4.0,>=0.2.1, but you have gast 0.5.3+computecanada which is incompatible.
I1009 16:39:25.296905 23351102838592 xla_bridge.py:247] Unable to initialize backend 'tpu_driver': NOT_FOUND: Unable to find driver in registry given worker: 
I1009 16:39:25.437355 23351102838592 xla_bridge.py:247] Unable to initialize backend 'tpu': INVALID_ARGUMENT: TpuPlatform is not available.
I1009 16:39:25.437613 23351102838592 run_atari.py:101] DQN on Atari on gpu.
I1009 16:39:26.033816 23351102838592 run_atari.py:108] Saving results to ./results/dqn/seed_2.csv
I1009 16:39:26.568475 23351102838592 run_atari.py:128] Environment: pong
I1009 16:39:26.568904 23351102838592 run_atari.py:129] Action spec: DiscreteArray(shape=(), dtype=int32, name=action, minimum=0, maximum=5, num_values=6)
I1009 16:39:26.569279 23351102838592 run_atari.py:130] Observation spec: (Array(shape=(210, 160, 3), dtype=dtype('uint8'), name='rgb'), Array(shape=(), dtype=dtype('int32'), name='lives'))
I1009 16:39:35.741400 23351102838592 run_atari.py:254] Training iteration 0.
I1009 16:39:35.742094 23351102838592 run_atari.py:261] Evaluation iteration 0.
I1009 16:44:57.937177 23351102838592 run_atari.py:289] iteration:   0, frame:     0, eval_episode_return: -20.73, train_episode_return:  nan, eval_num_episodes: 159, train_num_episodes:   0, eval_frame_rate: 1552, train_frame_rate:  nan, train_exploration_epsilon: 1.000, train_state_value: nan, normalized_return: -0.001, capped_normalized_return: -0.001, human_gap: 1.001
I1009 16:44:58.471543 23351102838592 run_atari.py:254] Training iteration 1.
I1009 16:47:19.109844 23351102838592 agent.py:181] Begin learning
I1009 16:59:20.473672 23351102838592 run_atari.py:261] Evaluation iteration 1.
I1009 17:04:42.440148 23351102838592 run_atari.py:289] iteration:   1, frame: 1000000, eval_episode_return: -20.74, train_episode_return: -20.31, eval_num_episodes: 159, train_num_episodes: 274, eval_frame_rate: 1553, train_frame_rate: 1160, train_exploration_epsilon: 0.280, train_state_value: -0.226, normalized_return: -0.001, capped_normalized_return: -0.001, human_gap: 1.001
I1009 17:04:43.002865 23351102838592 run_atari.py:254] Training iteration 2.
I1009 17:19:44.536971 23351102838592 run_atari.py:261] Evaluation iteration 2.
I1009 17:25:04.267196 23351102838592 run_atari.py:289] iteration:   2, frame: 2000000, eval_episode_return: -20.92, train_episode_return: -20.76, eval_num_episodes: 132, train_num_episodes: 299, eval_frame_rate: 1564, train_frame_rate: 1109, train_exploration_epsilon: 0.100, train_state_value: -0.372, normalized_return: -0.006, capped_normalized_return: -0.006, human_gap: 1.006
I1009 17:25:04.941232 23351102838592 run_atari.py:254] Training iteration 3.
I1009 17:40:09.499013 23351102838592 run_atari.py:261] Evaluation iteration 3.
I1009 17:45:31.508859 23351102838592 run_atari.py:289] iteration:   3, frame: 3000000, eval_episode_return: -20.78, train_episode_return: -20.59, eval_num_episodes: 154, train_num_episodes: 286, eval_frame_rate: 1554, train_frame_rate: 1106, train_exploration_epsilon: 0.100, train_state_value: -0.755, normalized_return: -0.002, capped_normalized_return: -0.002, human_gap: 1.002
I1009 17:45:32.068890 23351102838592 run_atari.py:254] Training iteration 4.
I1009 18:00:37.962854 23351102838592 run_atari.py:261] Evaluation iteration 4.
I1009 18:06:00.359582 23351102838592 run_atari.py:289] iteration:   4, frame: 4000000, eval_episode_return: -20.79, train_episode_return: -20.34, eval_num_episodes: 119, train_num_episodes: 251, eval_frame_rate: 1552, train_frame_rate: 1104, train_exploration_epsilon: 0.100, train_state_value: -0.777, normalized_return: -0.003, capped_normalized_return: -0.003, human_gap: 1.003
I1009 18:06:00.935879 23351102838592 run_atari.py:254] Training iteration 5.
I1009 18:21:10.114195 23351102838592 run_atari.py:261] Evaluation iteration 5.
I1009 18:26:30.780740 23351102838592 run_atari.py:289] iteration:   5, frame: 5000000, eval_episode_return: -19.01, train_episode_return: -19.53, eval_num_episodes:  71, train_num_episodes: 172, eval_frame_rate: 1560, train_frame_rate: 1100, train_exploration_epsilon: 0.100, train_state_value: -0.686, normalized_return: 0.048, capped_normalized_return: 0.048, human_gap: 0.952
I1009 18:26:31.347360 23351102838592 run_atari.py:254] Training iteration 6.
I1009 18:41:37.502173 23351102838592 run_atari.py:261] Evaluation iteration 6.
I1009 18:47:00.214500 23351102838592 run_atari.py:289] iteration:   6, frame: 6000000, eval_episode_return: -17.95, train_episode_return: -18.41, eval_num_episodes:  65, train_num_episodes: 148, eval_frame_rate: 1550, train_frame_rate: 1104, train_exploration_epsilon: 0.100, train_state_value: -0.775, normalized_return: 0.078, capped_normalized_return: 0.078, human_gap: 0.922
I1009 18:47:00.821266 23351102838592 run_atari.py:254] Training iteration 7.
I1009 19:02:11.434715 23351102838592 run_atari.py:261] Evaluation iteration 7.
I1009 19:07:31.875100 23351102838592 run_atari.py:289] iteration:   7, frame: 7000000, eval_episode_return: -17.37, train_episode_return: -17.32, eval_num_episodes:  59, train_num_episodes: 130, eval_frame_rate: 1561, train_frame_rate: 1098, train_exploration_epsilon: 0.100, train_state_value: -0.549, normalized_return: 0.094, capped_normalized_return: 0.094, human_gap: 0.906
I1009 19:07:32.491667 23351102838592 run_atari.py:254] Training iteration 8.
I1009 19:22:38.492168 23351102838592 run_atari.py:261] Evaluation iteration 8.
I1009 19:27:57.792211 23351102838592 run_atari.py:289] iteration:   8, frame: 8000000, eval_episode_return: -15.75, train_episode_return: -16.40, eval_num_episodes:  53, train_num_episodes: 112, eval_frame_rate: 1566, train_frame_rate: 1104, train_exploration_epsilon: 0.100, train_state_value: -0.538, normalized_return: 0.140, capped_normalized_return: 0.140, human_gap: 0.860
I1009 19:27:58.369739 23351102838592 run_atari.py:254] Training iteration 9.
I1009 19:43:06.355396 23351102838592 run_atari.py:261] Evaluation iteration 9.
I1009 19:48:25.310520 23351102838592 run_atari.py:289] iteration:   9, frame: 9000000, eval_episode_return: -5.28, train_episode_return: -9.58, eval_num_episodes:  36, train_num_episodes:  91, eval_frame_rate: 1568, train_frame_rate: 1101, train_exploration_epsilon: 0.100, train_state_value: -0.398, normalized_return: 0.437, capped_normalized_return: 0.437, human_gap: 0.563
I1009 19:48:26.020642 23351102838592 run_atari.py:254] Training iteration 10.
I1009 20:03:34.516861 23351102838592 run_atari.py:261] Evaluation iteration 10.
I1009 20:08:52.999179 23351102838592 run_atari.py:289] iteration:  10, frame: 10000000, eval_episode_return: -6.22, train_episode_return: -6.39, eval_num_episodes:  37, train_num_episodes:  80, eval_frame_rate: 1570, train_frame_rate: 1101, train_exploration_epsilon: 0.100, train_state_value: -0.269, normalized_return: 0.410, capped_normalized_return: 0.410, human_gap: 0.590
I1009 20:08:53.625691 23351102838592 run_atari.py:254] Training iteration 11.
I1009 20:24:03.397064 23351102838592 run_atari.py:261] Evaluation iteration 11.
I1009 20:29:23.162320 23351102838592 run_atari.py:289] iteration:  11, frame: 11000000, eval_episode_return: -2.61, train_episode_return: -4.20, eval_num_episodes:  36, train_num_episodes:  74, eval_frame_rate: 1564, train_frame_rate: 1099, train_exploration_epsilon: 0.100, train_state_value: 0.086, normalized_return: 0.512, capped_normalized_return: 0.512, human_gap: 0.488
I1009 20:29:23.957408 23351102838592 run_atari.py:254] Training iteration 12.
I1009 20:44:35.563879 23351102838592 run_atari.py:261] Evaluation iteration 12.
I1009 20:49:55.488012 23351102838592 run_atari.py:289] iteration:  12, frame: 12000000, eval_episode_return: -0.96, train_episode_return: -1.92, eval_num_episodes:  26, train_num_episodes:  73, eval_frame_rate: 1563, train_frame_rate: 1097, train_exploration_epsilon: 0.100, train_state_value: 0.194, normalized_return: 0.559, capped_normalized_return: 0.559, human_gap: 0.441
I1009 20:49:56.071190 23351102838592 run_atari.py:254] Training iteration 13.
I1009 21:05:12.878446 23351102838592 run_atari.py:261] Evaluation iteration 13.
I1009 21:10:32.869931 23351102838592 run_atari.py:289] iteration:  13, frame: 13000000, eval_episode_return: -8.55, train_episode_return: -5.76, eval_num_episodes:  49, train_num_episodes:  66, eval_frame_rate: 1563, train_frame_rate: 1091, train_exploration_epsilon: 0.100, train_state_value: 0.461, normalized_return: 0.344, capped_normalized_return: 0.344, human_gap: 0.656
I1009 21:10:33.540816 23351102838592 run_atari.py:254] Training iteration 14.
I1009 21:25:50.557720 23351102838592 run_atari.py:261] Evaluation iteration 14.
I1009 21:31:13.153926 23351102838592 run_atari.py:289] iteration:  14, frame: 14000000, eval_episode_return:  4.87, train_episode_return: -5.35, eval_num_episodes:  31, train_num_episodes:  77, eval_frame_rate: 1550, train_frame_rate: 1090, train_exploration_epsilon: 0.100, train_state_value: 0.708, normalized_return: 0.724, capped_normalized_return: 0.724, human_gap: 0.276
I1009 21:31:13.767015 23351102838592 run_atari.py:254] Training iteration 15.
I1009 21:46:33.914175 23351102838592 run_atari.py:261] Evaluation iteration 15.
I1009 21:51:54.983430 23351102838592 run_atari.py:289] iteration:  15, frame: 15000000, eval_episode_return:  6.81, train_episode_return:  3.65, eval_num_episodes:  36, train_num_episodes:  75, eval_frame_rate: 1558, train_frame_rate: 1087, train_exploration_epsilon: 0.100, train_state_value: 0.923, normalized_return: 0.779, capped_normalized_return: 0.779, human_gap: 0.221
I1009 21:51:55.734576 23351102838592 run_atari.py:254] Training iteration 16.
I1009 22:07:11.907559 23351102838592 run_atari.py:261] Evaluation iteration 16.
I1009 22:12:35.452242 23351102838592 run_atari.py:289] iteration:  16, frame: 16000000, eval_episode_return:  17.13, train_episode_return:  11.11, eval_num_episodes:  60, train_num_episodes:  90, eval_frame_rate: 1546, train_frame_rate: 1091, train_exploration_epsilon: 0.100, train_state_value: 1.072, normalized_return: 1.072, capped_normalized_return: 1.000, human_gap: 0.000
I1009 22:12:36.038224 23351102838592 run_atari.py:254] Training iteration 17.
I1009 22:27:53.057701 23351102838592 run_atari.py:261] Evaluation iteration 17.
I1009 22:33:16.406935 23351102838592 run_atari.py:289] iteration:  17, frame: 17000000, eval_episode_return:  17.68, train_episode_return:  14.37, eval_num_episodes:  62, train_num_episodes: 104, eval_frame_rate: 1547, train_frame_rate: 1090, train_exploration_epsilon: 0.100, train_state_value: 0.971, normalized_return: 1.087, capped_normalized_return: 1.000, human_gap: 0.000
I1009 22:33:17.038548 23351102838592 run_atari.py:254] Training iteration 18.
I1009 22:48:30.751703 23351102838592 run_atari.py:261] Evaluation iteration 18.
I1009 22:53:50.818569 23351102838592 run_atari.py:289] iteration:  18, frame: 18000000, eval_episode_return:  18.40, train_episode_return:  14.72, eval_num_episodes:  62, train_num_episodes: 107, eval_frame_rate: 1563, train_frame_rate: 1094, train_exploration_epsilon: 0.100, train_state_value: 1.117, normalized_return: 1.108, capped_normalized_return: 1.000, human_gap: 0.000
I1009 22:53:51.459957 23351102838592 run_atari.py:254] Training iteration 19.
I1009 23:09:07.156864 23351102838592 run_atari.py:261] Evaluation iteration 19.
I1009 23:14:30.520527 23351102838592 run_atari.py:289] iteration:  19, frame: 19000000, eval_episode_return:  16.93, train_episode_return:  15.07, eval_num_episodes:  60, train_num_episodes: 108, eval_frame_rate: 1547, train_frame_rate: 1092, train_exploration_epsilon: 0.100, train_state_value: 1.482, normalized_return: 1.066, capped_normalized_return: 1.000, human_gap: 0.000
I1009 23:14:31.265313 23351102838592 run_atari.py:254] Training iteration 20.
I1009 23:29:47.655742 23351102838592 run_atari.py:261] Evaluation iteration 20.
I1009 23:35:11.392416 23351102838592 run_atari.py:289] iteration:  20, frame: 20000000, eval_episode_return:  18.75, train_episode_return:  15.13, eval_num_episodes:  64, train_num_episodes: 108, eval_frame_rate: 1545, train_frame_rate: 1091, train_exploration_epsilon: 0.100, train_state_value: 1.538, normalized_return: 1.118, capped_normalized_return: 1.000, human_gap: 0.000
I1009 23:35:12.023807 23351102838592 run_atari.py:254] Training iteration 21.
I1009 23:50:25.882674 23351102838592 run_atari.py:261] Evaluation iteration 21.
I1009 23:55:46.738367 23351102838592 run_atari.py:289] iteration:  21, frame: 21000000, eval_episode_return:  17.03, train_episode_return:  14.07, eval_num_episodes:  62, train_num_episodes: 107, eval_frame_rate: 1559, train_frame_rate: 1094, train_exploration_epsilon: 0.100, train_state_value: 1.438, normalized_return: 1.069, capped_normalized_return: 1.000, human_gap: 0.000
I1009 23:55:47.373343 23351102838592 run_atari.py:254] Training iteration 22.
I1010 00:11:04.532107 23351102838592 run_atari.py:261] Evaluation iteration 22.
I1010 00:16:24.714283 23351102838592 run_atari.py:289] iteration:  22, frame: 22000000, eval_episode_return:  18.43, train_episode_return:  15.39, eval_num_episodes:  63, train_num_episodes: 109, eval_frame_rate: 1562, train_frame_rate: 1090, train_exploration_epsilon: 0.100, train_state_value: 1.631, normalized_return: 1.108, capped_normalized_return: 1.000, human_gap: 0.000
I1010 00:16:25.329981 23351102838592 run_atari.py:254] Training iteration 23.
I1010 00:31:42.670336 23351102838592 run_atari.py:261] Evaluation iteration 23.
I1010 00:37:03.282344 23351102838592 run_atari.py:289] iteration:  23, frame: 23000000, eval_episode_return:  18.06, train_episode_return:  15.31, eval_num_episodes:  62, train_num_episodes: 112, eval_frame_rate: 1560, train_frame_rate: 1090, train_exploration_epsilon: 0.100, train_state_value: 1.651, normalized_return: 1.098, capped_normalized_return: 1.000, human_gap: 0.000
I1010 00:37:03.896865 23351102838592 run_atari.py:254] Training iteration 24.
I1010 00:52:20.856516 23351102838592 run_atari.py:261] Evaluation iteration 24.
I1010 00:57:42.420062 23351102838592 run_atari.py:289] iteration:  24, frame: 24000000, eval_episode_return:  18.98, train_episode_return:  15.86, eval_num_episodes:  66, train_num_episodes: 112, eval_frame_rate: 1555, train_frame_rate: 1091, train_exploration_epsilon: 0.100, train_state_value: 1.514, normalized_return: 1.124, capped_normalized_return: 1.000, human_gap: 0.000
I1010 00:57:43.010925 23351102838592 run_atari.py:254] Training iteration 25.
I1010 01:12:59.645028 23351102838592 run_atari.py:261] Evaluation iteration 25.
I1010 01:18:22.526862 23351102838592 run_atari.py:289] iteration:  25, frame: 25000000, eval_episode_return:  18.67, train_episode_return:  16.86, eval_num_episodes:  63, train_num_episodes: 115, eval_frame_rate: 1549, train_frame_rate: 1091, train_exploration_epsilon: 0.100, train_state_value: 1.439, normalized_return: 1.115, capped_normalized_return: 1.000, human_gap: 0.000
I1010 01:18:23.642608 23351102838592 run_atari.py:254] Training iteration 26.
I1010 01:33:44.274544 23351102838592 run_atari.py:261] Evaluation iteration 26.
I1010 01:39:06.166216 23351102838592 run_atari.py:289] iteration:  26, frame: 26000000, eval_episode_return:  19.03, train_episode_return:  17.01, eval_num_episodes:  64, train_num_episodes: 118, eval_frame_rate: 1553, train_frame_rate: 1086, train_exploration_epsilon: 0.100, train_state_value: 1.176, normalized_return: 1.126, capped_normalized_return: 1.000, human_gap: 0.000
I1010 01:39:06.817839 23351102838592 run_atari.py:254] Training iteration 27.
I1010 01:54:24.650794 23351102838592 run_atari.py:261] Evaluation iteration 27.
I1010 01:59:47.310077 23351102838592 run_atari.py:289] iteration:  27, frame: 27000000, eval_episode_return:  19.52, train_episode_return:  17.17, eval_num_episodes:  67, train_num_episodes: 121, eval_frame_rate: 1550, train_frame_rate: 1090, train_exploration_epsilon: 0.100, train_state_value: 1.561, normalized_return: 1.139, capped_normalized_return: 1.000, human_gap: 0.000
I1010 01:59:47.959586 23351102838592 run_atari.py:254] Training iteration 28.
I1010 02:15:03.661388 23351102838592 run_atari.py:261] Evaluation iteration 28.
I1010 02:20:25.951218 23351102838592 run_atari.py:289] iteration:  28, frame: 28000000, eval_episode_return:  18.46, train_episode_return:  16.40, eval_num_episodes:  65, train_num_episodes: 119, eval_frame_rate: 1552, train_frame_rate: 1092, train_exploration_epsilon: 0.100, train_state_value: 1.537, normalized_return: 1.109, capped_normalized_return: 1.000, human_gap: 0.000
I1010 02:20:26.518780 23351102838592 run_atari.py:254] Training iteration 29.
I1010 02:35:44.103699 23351102838592 run_atari.py:261] Evaluation iteration 29.
I1010 02:41:04.779118 23351102838592 run_atari.py:289] iteration:  29, frame: 29000000, eval_episode_return:  19.61, train_episode_return:  17.14, eval_num_episodes:  67, train_num_episodes: 121, eval_frame_rate: 1559, train_frame_rate: 1090, train_exploration_epsilon: 0.100, train_state_value: 1.235, normalized_return: 1.142, capped_normalized_return: 1.000, human_gap: 0.000
I1010 02:41:05.360652 23351102838592 run_atari.py:254] Training iteration 30.
I1010 02:56:21.508445 23351102838592 run_atari.py:261] Evaluation iteration 30.
I1010 03:01:42.463803 23351102838592 run_atari.py:289] iteration:  30, frame: 30000000, eval_episode_return:  19.96, train_episode_return:  17.08, eval_num_episodes:  69, train_num_episodes: 120, eval_frame_rate: 1558, train_frame_rate: 1092, train_exploration_epsilon: 0.100, train_state_value: 1.291, normalized_return: 1.152, capped_normalized_return: 1.000, human_gap: 0.000
I1010 03:01:43.043763 23351102838592 run_atari.py:254] Training iteration 31.
I1010 03:16:57.958107 23351102838592 run_atari.py:261] Evaluation iteration 31.
I1010 03:22:20.203582 23351102838592 run_atari.py:289] iteration:  31, frame: 31000000, eval_episode_return:  19.69, train_episode_return:  16.28, eval_num_episodes:  67, train_num_episodes: 117, eval_frame_rate: 1552, train_frame_rate: 1093, train_exploration_epsilon: 0.100, train_state_value: 1.654, normalized_return: 1.144, capped_normalized_return: 1.000, human_gap: 0.000
I1010 03:22:20.794321 23351102838592 run_atari.py:254] Training iteration 32.
I1010 03:37:37.559705 23351102838592 run_atari.py:261] Evaluation iteration 32.
I1010 03:42:58.773909 23351102838592 run_atari.py:289] iteration:  32, frame: 32000000, eval_episode_return:  19.59, train_episode_return:  17.62, eval_num_episodes:  66, train_num_episodes: 120, eval_frame_rate: 1557, train_frame_rate: 1091, train_exploration_epsilon: 0.100, train_state_value: 1.634, normalized_return: 1.141, capped_normalized_return: 1.000, human_gap: 0.000
I1010 03:42:59.922775 23351102838592 run_atari.py:254] Training iteration 33.
I1010 03:58:19.299520 23351102838592 run_atari.py:261] Evaluation iteration 33.
I1010 04:03:40.594978 23351102838592 run_atari.py:289] iteration:  33, frame: 33000000, eval_episode_return:  19.23, train_episode_return:  17.75, eval_num_episodes:  69, train_num_episodes: 122, eval_frame_rate: 1556, train_frame_rate: 1088, train_exploration_epsilon: 0.100, train_state_value: 1.247, normalized_return: 1.131, capped_normalized_return: 1.000, human_gap: 0.000
I1010 04:03:41.219785 23351102838592 run_atari.py:254] Training iteration 34.
I1010 04:19:01.192603 23351102838592 run_atari.py:261] Evaluation iteration 34.
I1010 04:24:23.274169 23351102838592 run_atari.py:289] iteration:  34, frame: 34000000, eval_episode_return:  19.48, train_episode_return:  17.73, eval_num_episodes:  66, train_num_episodes: 122, eval_frame_rate: 1553, train_frame_rate: 1087, train_exploration_epsilon: 0.100, train_state_value: 1.572, normalized_return: 1.138, capped_normalized_return: 1.000, human_gap: 0.000
I1010 04:24:24.239094 23351102838592 run_atari.py:254] Training iteration 35.
I1010 04:39:43.491457 23351102838592 run_atari.py:261] Evaluation iteration 35.
I1010 04:45:03.896584 23351102838592 run_atari.py:289] iteration:  35, frame: 35000000, eval_episode_return:  19.96, train_episode_return:  17.61, eval_num_episodes:  69, train_num_episodes: 123, eval_frame_rate: 1561, train_frame_rate: 1088, train_exploration_epsilon: 0.100, train_state_value: 1.374, normalized_return: 1.152, capped_normalized_return: 1.000, human_gap: 0.000
I1010 04:45:04.540424 23351102838592 run_atari.py:254] Training iteration 36.
I1010 05:00:21.095449 23351102838592 run_atari.py:261] Evaluation iteration 36.
I1010 05:05:43.789023 23351102838592 run_atari.py:289] iteration:  36, frame: 36000000, eval_episode_return:  19.85, train_episode_return:  17.73, eval_num_episodes:  67, train_num_episodes: 123, eval_frame_rate: 1550, train_frame_rate: 1091, train_exploration_epsilon: 0.100, train_state_value: 1.425, normalized_return: 1.149, capped_normalized_return: 1.000, human_gap: 0.000
I1010 05:05:45.093002 23351102838592 run_atari.py:254] Training iteration 37.
I1010 05:21:12.320655 23351102838592 run_atari.py:261] Evaluation iteration 37.
I1010 05:26:39.622668 23351102838592 run_atari.py:289] iteration:  37, frame: 37000000, eval_episode_return:  20.01, train_episode_return:  17.55, eval_num_episodes:  68, train_num_episodes: 121, eval_frame_rate: 1528, train_frame_rate: 1078, train_exploration_epsilon: 0.100, train_state_value: 1.554, normalized_return: 1.153, capped_normalized_return: 1.000, human_gap: 0.000
I1010 05:26:40.312228 23351102838592 run_atari.py:254] Training iteration 38.
I1010 05:41:57.131700 23351102838592 run_atari.py:261] Evaluation iteration 38.
I1010 05:47:18.064026 23351102838592 run_atari.py:289] iteration:  38, frame: 38000000, eval_episode_return:  20.06, train_episode_return:  17.69, eval_num_episodes:  68, train_num_episodes: 121, eval_frame_rate: 1558, train_frame_rate: 1091, train_exploration_epsilon: 0.100, train_state_value: 1.478, normalized_return: 1.155, capped_normalized_return: 1.000, human_gap: 0.000
I1010 05:47:18.687823 23351102838592 run_atari.py:254] Training iteration 39.
I1010 06:02:29.202122 23351102838592 run_atari.py:261] Evaluation iteration 39.
I1010 06:07:48.987214 23351102838592 run_atari.py:289] iteration:  39, frame: 39000000, eval_episode_return:  19.87, train_episode_return:  17.76, eval_num_episodes:  68, train_num_episodes: 121, eval_frame_rate: 1564, train_frame_rate: 1098, train_exploration_epsilon: 0.100, train_state_value: 1.620, normalized_return: 1.149, capped_normalized_return: 1.000, human_gap: 0.000
I1010 06:07:49.742555 23351102838592 run_atari.py:254] Training iteration 40.
I1010 06:22:58.104310 23351102838592 run_atari.py:261] Evaluation iteration 40.
I1010 06:28:17.069244 23351102838592 run_atari.py:289] iteration:  40, frame: 40000000, eval_episode_return:  19.78, train_episode_return:  17.58, eval_num_episodes:  67, train_num_episodes: 123, eval_frame_rate: 1568, train_frame_rate: 1101, train_exploration_epsilon: 0.100, train_state_value: 1.566, normalized_return: 1.147, capped_normalized_return: 1.000, human_gap: 0.000
I1010 06:28:17.677785 23351102838592 run_atari.py:254] Training iteration 41.
I1010 06:43:26.648125 23351102838592 run_atari.py:261] Evaluation iteration 41.
I1010 06:48:45.713010 23351102838592 run_atari.py:289] iteration:  41, frame: 41000000, eval_episode_return:  19.91, train_episode_return:  18.10, eval_num_episodes:  68, train_num_episodes: 125, eval_frame_rate: 1567, train_frame_rate: 1100, train_exploration_epsilon: 0.100, train_state_value: 1.585, normalized_return: 1.150, capped_normalized_return: 1.000, human_gap: 0.000
I1010 06:48:46.356314 23351102838592 run_atari.py:254] Training iteration 42.
I1010 07:03:56.917795 23351102838592 run_atari.py:261] Evaluation iteration 42.
I1010 07:09:18.149156 23351102838592 run_atari.py:289] iteration:  42, frame: 42000000, eval_episode_return:  18.78, train_episode_return:  17.99, eval_num_episodes:  65, train_num_episodes: 125, eval_frame_rate: 1557, train_frame_rate: 1098, train_exploration_epsilon: 0.100, train_state_value: 1.420, normalized_return: 1.119, capped_normalized_return: 1.000, human_gap: 0.000
I1010 07:09:18.829085 23351102838592 run_atari.py:254] Training iteration 43.
I1010 07:24:31.674068 23351102838592 run_atari.py:261] Evaluation iteration 43.
I1010 07:29:52.907881 23351102838592 run_atari.py:289] iteration:  43, frame: 43000000, eval_episode_return:  19.86, train_episode_return:  17.98, eval_num_episodes:  69, train_num_episodes: 124, eval_frame_rate: 1557, train_frame_rate: 1095, train_exploration_epsilon: 0.100, train_state_value: 1.416, normalized_return: 1.149, capped_normalized_return: 1.000, human_gap: 0.000
I1010 07:29:53.561536 23351102838592 run_atari.py:254] Training iteration 44.
I1010 07:45:11.222917 23351102838592 run_atari.py:261] Evaluation iteration 44.
I1010 07:50:33.796396 23351102838592 run_atari.py:289] iteration:  44, frame: 44000000, eval_episode_return:  19.76, train_episode_return:  17.62, eval_num_episodes:  68, train_num_episodes: 122, eval_frame_rate: 1550, train_frame_rate: 1090, train_exploration_epsilon: 0.100, train_state_value: 1.472, normalized_return: 1.146, capped_normalized_return: 1.000, human_gap: 0.000
I1010 07:50:34.451091 23351102838592 run_atari.py:254] Training iteration 45.
I1010 08:05:45.764836 23351102838592 run_atari.py:261] Evaluation iteration 45.
I1010 08:11:06.996616 23351102838592 run_atari.py:289] iteration:  45, frame: 45000000, eval_episode_return:  19.94, train_episode_return:  17.47, eval_num_episodes:  68, train_num_episodes: 121, eval_frame_rate: 1557, train_frame_rate: 1097, train_exploration_epsilon: 0.100, train_state_value: 1.447, normalized_return: 1.151, capped_normalized_return: 1.000, human_gap: 0.000
I1010 08:11:07.652480 23351102838592 run_atari.py:254] Training iteration 46.
I1010 08:26:18.155126 23351102838592 run_atari.py:261] Evaluation iteration 46.
I1010 08:31:39.786748 23351102838592 run_atari.py:289] iteration:  46, frame: 46000000, eval_episode_return:  19.84, train_episode_return:  17.62, eval_num_episodes:  67, train_num_episodes: 122, eval_frame_rate: 1555, train_frame_rate: 1098, train_exploration_epsilon: 0.100, train_state_value: 1.651, normalized_return: 1.148, capped_normalized_return: 1.000, human_gap: 0.000
I1010 08:31:40.640531 23351102838592 run_atari.py:254] Training iteration 47.
I1010 08:46:52.148372 23351102838592 run_atari.py:261] Evaluation iteration 47.
I1010 08:52:14.607506 23351102838592 run_atari.py:289] iteration:  47, frame: 47000000, eval_episode_return:  19.96, train_episode_return:  17.61, eval_num_episodes:  69, train_num_episodes: 121, eval_frame_rate: 1551, train_frame_rate: 1097, train_exploration_epsilon: 0.100, train_state_value: 1.495, normalized_return: 1.152, capped_normalized_return: 1.000, human_gap: 0.000
I1010 08:52:15.241201 23351102838592 run_atari.py:254] Training iteration 48.
I1010 09:07:26.304768 23351102838592 run_atari.py:261] Evaluation iteration 48.
I1010 09:12:46.993830 23351102838592 run_atari.py:289] iteration:  48, frame: 48000000, eval_episode_return:  20.13, train_episode_return:  17.88, eval_num_episodes:  70, train_num_episodes: 123, eval_frame_rate: 1559, train_frame_rate: 1098, train_exploration_epsilon: 0.100, train_state_value: 1.633, normalized_return: 1.157, capped_normalized_return: 1.000, human_gap: 0.000
I1010 09:12:47.725477 23351102838592 run_atari.py:254] Training iteration 49.
I1010 09:28:00.395481 23351102838592 run_atari.py:261] Evaluation iteration 49.
I1010 09:33:23.199994 23351102838592 run_atari.py:289] iteration:  49, frame: 49000000, eval_episode_return:  19.94, train_episode_return:  17.67, eval_num_episodes:  69, train_num_episodes: 122, eval_frame_rate: 1549, train_frame_rate: 1096, train_exploration_epsilon: 0.100, train_state_value: 1.601, normalized_return: 1.151, capped_normalized_return: 1.000, human_gap: 0.000
I1010 09:33:23.762604 23351102838592 run_atari.py:254] Training iteration 50.
I1010 09:48:35.796515 23351102838592 run_atari.py:261] Evaluation iteration 50.
I1010 09:53:58.318825 23351102838592 run_atari.py:289] iteration:  50, frame: 50000000, eval_episode_return:  19.75, train_episode_return:  18.25, eval_num_episodes:  67, train_num_episodes: 124, eval_frame_rate: 1550, train_frame_rate: 1096, train_exploration_epsilon: 0.100, train_state_value: 1.503, normalized_return: 1.146, capped_normalized_return: 1.000, human_gap: 0.000
OSError: [Errno 122] Disk quota exceeded

During handling of the above exception, another exception occurred:

Traceback (most recent call last):
  File "/cvmfs/soft.computecanada.ca/easybuild/software/2020/avx512/Core/python/3.9.6/lib/python3.9/runpy.py", line 197, in _run_module_as_main
    return _run_code(code, main_globals, None,
  File "/cvmfs/soft.computecanada.ca/easybuild/software/2020/avx512/Core/python/3.9.6/lib/python3.9/runpy.py", line 87, in _run_code
    exec(code, run_globals)
  File "/lustre03/project/6006068/kapeluck/DQNRepos/dqn_mgsc_zoo/dqn_zoo/dqn/run_atari.py", line 301, in <module>
    app.run(main)
  File "/localscratch/kapeluck.51740093.0/env/lib/python3.9/site-packages/absl/app.py", line 312, in run
    _run_main(main, args)
  File "/localscratch/kapeluck.51740093.0/env/lib/python3.9/site-packages/absl/app.py", line 258, in _run_main
    sys.exit(main(argv))
  File "/lustre03/project/6006068/kapeluck/DQNRepos/dqn_mgsc_zoo/dqn_zoo/dqn/run_atari.py", line 290, in main
    writer.write(collections.OrderedDict((n, v) for n, v, _ in log_output))
  File "/lustre03/project/6006068/kapeluck/DQNRepos/dqn_mgsc_zoo/dqn_zoo/parts.py", line 478, in write
    writer.writerow(values)
OSError: [Errno 122] Disk quota exceeded
